<?xml version="1.0" encoding="UTF-8"?>
<coverage generated="1760092805408" clover="3.2.0">
  <project timestamp="1760092805408" name="All files">
    <metrics statements="72" coveredstatements="65" conditionals="35" coveredconditionals="27" methods="10" coveredmethods="9" elements="117" coveredelements="101" complexity="0" loc="72" ncloc="72" packages="1" files="1" classes="1"/>
    <file name="payment.ts" path="C:\Users\Daniel\swipe\swipe-app\src\api\payment.ts">
      <metrics statements="72" coveredstatements="65" conditionals="35" coveredconditionals="27" methods="10" coveredmethods="9"/>
      <line num="44" count="3" type="stmt"/>
      <line num="45" count="3" type="stmt"/>
      <line num="48" count="3" type="cond" truecount="5" falsecount="0"/>
      <line num="49" count="1" type="stmt"/>
      <line num="53" count="2" type="stmt"/>
      <line num="73" count="2" type="cond" truecount="2" falsecount="0"/>
      <line num="74" count="1" type="stmt"/>
      <line num="75" count="1" type="cond" truecount="1" falsecount="1"/>
      <line num="78" count="1" type="stmt"/>
      <line num="79" count="1" type="stmt"/>
      <line num="81" count="1" type="stmt"/>
      <line num="83" count="2" type="stmt"/>
      <line num="84" count="2" type="stmt"/>
      <line num="96" count="3" type="stmt"/>
      <line num="97" count="3" type="stmt"/>
      <line num="100" count="3" type="stmt"/>
      <line num="112" count="3" type="cond" truecount="2" falsecount="0"/>
      <line num="113" count="1" type="stmt"/>
      <line num="114" count="1" type="cond" truecount="1" falsecount="1"/>
      <line num="117" count="2" type="stmt"/>
      <line num="118" count="2" type="stmt"/>
      <line num="120" count="2" type="stmt"/>
      <line num="122" count="1" type="stmt"/>
      <line num="123" count="1" type="stmt"/>
      <line num="138" count="3" type="stmt"/>
      <line num="139" count="3" type="stmt"/>
      <line num="142" count="3" type="stmt"/>
      <line num="151" count="3" type="cond" truecount="2" falsecount="0"/>
      <line num="152" count="1" type="stmt"/>
      <line num="153" count="1" type="stmt"/>
      <line num="156" count="1" type="stmt"/>
      <line num="157" count="1" type="stmt"/>
      <line num="159" count="1" type="stmt"/>
      <line num="161" count="1" type="stmt"/>
      <line num="162" count="1" type="stmt"/>
      <line num="170" count="2" type="stmt"/>
      <line num="171" count="2" type="stmt"/>
      <line num="175" count="2" type="stmt"/>
      <line num="177" count="2" type="stmt"/>
      <line num="189" count="2" type="stmt"/>
      <line num="191" count="2" type="stmt"/>
      <line num="193" count="0" type="stmt"/>
      <line num="194" count="0" type="stmt"/>
      <line num="206" count="3" type="stmt"/>
      <line num="207" count="3" type="stmt"/>
      <line num="209" count="3" type="stmt"/>
      <line num="211" count="3" type="cond" truecount="2" falsecount="0"/>
      <line num="212" count="1" type="stmt"/>
      <line num="213" count="1" type="stmt"/>
      <line num="215" count="2" type="stmt"/>
      <line num="216" count="2" type="stmt"/>
      <line num="219" count="0" type="stmt"/>
      <line num="220" count="0" type="stmt"/>
      <line num="228" count="0" type="stmt"/>
      <line num="241" count="4" type="cond" truecount="1" falsecount="3"/>
      <line num="243" count="4" type="cond" truecount="1" falsecount="1"/>
      <line num="244" count="0" type="stmt"/>
      <line num="247" count="4" type="stmt"/>
      <line num="248" count="4" type="stmt"/>
      <line num="249" count="4" type="stmt"/>
      <line num="250" count="4" type="stmt"/>
      <line num="252" count="4" type="cond" truecount="4" falsecount="0"/>
      <line num="253" count="1" type="stmt"/>
      <line num="254" count="3" type="cond" truecount="2" falsecount="0"/>
      <line num="255" count="1" type="stmt"/>
      <line num="256" count="2" type="cond" truecount="2" falsecount="0"/>
      <line num="257" count="1" type="stmt"/>
      <line num="260" count="1" type="stmt"/>
      <line num="267" count="8" type="stmt"/>
      <line num="273" count="4" type="cond" truecount="1" falsecount="1"/>
      <line num="274" count="4" type="stmt"/>
      <line num="276" count="0" type="stmt"/>
    </file>
  </project>
</coverage>
