TN:
SF:src\api\payment.ts
FN:41,createCheckoutSession
FN:92,verifyAndUnlock
FN:134,checkPremiumAccess
FN:169,getReceipt
FN:175,(anonymous_4)
FN:201,handlePaymentSuccess
FN:227,handlePaymentCancellation
FN:235,getPaymentStatusFromUrl
FN:264,getAuthToken
FN:270,getBaseUrl
FNF:10
FNH:9
FNDA:3,createCheckoutSession
FNDA:3,verifyAndUnlock
FNDA:3,checkPremiumAccess
FNDA:2,getReceipt
FNDA:2,(anonymous_4)
FNDA:3,handlePaymentSuccess
FNDA:0,handlePaymentCancellation
FNDA:4,getPaymentStatusFromUrl
FNDA:8,getAuthToken
FNDA:4,getBaseUrl
DA:44,3
DA:45,3
DA:48,3
DA:49,1
DA:53,2
DA:73,2
DA:74,1
DA:75,1
DA:78,1
DA:79,1
DA:81,1
DA:83,2
DA:84,2
DA:96,3
DA:97,3
DA:100,3
DA:112,3
DA:113,1
DA:114,1
DA:117,2
DA:118,2
DA:120,2
DA:122,1
DA:123,1
DA:138,3
DA:139,3
DA:142,3
DA:151,3
DA:152,1
DA:153,1
DA:156,1
DA:157,1
DA:159,1
DA:161,1
DA:162,1
DA:170,2
DA:171,2
DA:175,2
DA:177,2
DA:189,2
DA:191,2
DA:193,0
DA:194,0
DA:206,3
DA:207,3
DA:209,3
DA:211,3
DA:212,1
DA:213,1
DA:215,2
DA:216,2
DA:219,0
DA:220,0
DA:228,0
DA:241,4
DA:243,4
DA:244,0
DA:247,4
DA:248,4
DA:249,4
DA:250,4
DA:252,4
DA:253,1
DA:254,3
DA:255,1
DA:256,2
DA:257,1
DA:260,1
DA:267,8
DA:273,4
DA:274,4
DA:276,0
LF:72
LH:65
BRDA:48,0,0,1
BRDA:48,0,1,2
BRDA:48,1,0,3
BRDA:48,1,1,2
BRDA:48,1,2,2
BRDA:73,2,0,1
BRDA:73,2,1,1
BRDA:75,3,0,1
BRDA:75,3,1,0
BRDA:112,4,0,1
BRDA:112,4,1,2
BRDA:114,5,0,1
BRDA:114,5,1,0
BRDA:125,6,0,1
BRDA:125,6,1,0
BRDA:151,7,0,1
BRDA:151,7,1,1
BRDA:211,8,0,1
BRDA:211,8,1,2
BRDA:241,9,0,4
BRDA:241,9,1,0
BRDA:241,10,0,0
BRDA:241,10,1,0
BRDA:243,11,0,0
BRDA:243,11,1,4
BRDA:252,12,0,1
BRDA:252,12,1,3
BRDA:252,13,0,4
BRDA:252,13,1,1
BRDA:254,14,0,1
BRDA:254,14,1,2
BRDA:256,15,0,1
BRDA:256,15,1,1
BRDA:273,16,0,4
BRDA:273,16,1,0
BRF:35
BRH:27
end_of_record
